time="2022-12-15T23:00:10+03:00" level=info msg="create router" func=main.main file="app.go:40"
time="2022-12-15T23:00:10+03:00" level=info msg="Register user handler" func=main.main file="app.go:43"
time="2022-12-15T23:00:10+03:00" level=info msg="Start application" func=main.Start file="app.go:24"
time="2022-12-15T23:00:10+03:00" level=info msg="Server is listening 127.0.0.1:1234" func=main.Start file="app.go:34"
time="2022-12-15T23:07:25+03:00" level=info msg="create router" func=main.main file="app.go:40"
time="2022-12-15T23:07:25+03:00" level=info msg="Register user handler" func=main.main file="app.go:43"
time="2022-12-15T23:07:25+03:00" level=info msg="Start application" func=main.Start file="app.go:24"
time="2022-12-15T23:07:25+03:00" level=info msg="Server is listening 127.0.0.1:1234" func=main.Start file="app.go:34"
time="2022-12-15T23:07:33+03:00" level=info msg="create router" func=main.main file="app.go:40"
time="2022-12-15T23:07:33+03:00" level=info msg="Register user handler" func=main.main file="app.go:43"
time="2022-12-15T23:07:33+03:00" level=info msg="Start application" func=main.Start file="app.go:24"
time="2022-12-15T23:07:33+03:00" level=info msg="Server is listening 127.0.0.1:1234" func=main.Start file="app.go:34"
time="2022-12-15T23:11:26+03:00" level=info msg="create router" func=main.main file="app.go:40"
time="2022-12-15T23:11:26+03:00" level=info msg="Register user handler" func=main.main file="app.go:43"
time="2022-12-15T23:11:26+03:00" level=info msg="Start application" func=main.Start file="app.go:24"
time="2022-12-15T23:11:26+03:00" level=info msg="Server is listening 127.0.0.1:1234" func=main.Start file="app.go:34"
time="2022-12-17T20:06:28+03:00" level=info msg="create router" func=main.main file="app.go:69"
time="2022-12-17T20:06:28+03:00" level=info msg="read application configuration" func=restapi/internal/config.GetConfig.func1 file="config.go:28"
time="2022-12-17T20:06:28+03:00" level=info func=restapi/internal/config.GetConfig.func1 file="config.go:32"
time="2022-12-17T20:06:28+03:00" level=fatal msg="open config.yml: no such file or directory" func=restapi/internal/config.GetConfig.func1 file="config.go:33"
time="2022-12-17T20:06:56+03:00" level=info msg="create router" func=main.main file="app.go:69"
time="2022-12-17T20:06:56+03:00" level=info msg="read application configuration" func=restapi/internal/config.GetConfig.func1 file="config.go:28"
time="2022-12-17T20:06:59+03:00" level=info func=restapi/internal/config.GetConfig.func1 file="config.go:32"
time="2022-12-17T20:08:11+03:00" level=info msg="create router" func=main.main file="app.go:69"
time="2022-12-17T20:08:11+03:00" level=info msg="read application configuration" func=restapi/internal/config.GetConfig.func1 file="config.go:28"
time="2022-12-17T20:08:11+03:00" level=info msg="Register user handler" func=main.main file="app.go:74"
time="2022-12-17T20:08:11+03:00" level=info msg="Start application" func=main.Start file="app.go:28"
time="2022-12-17T20:08:11+03:00" level=info msg="Listen tcp" func=main.Start file="app.go:50"
time="2022-12-17T20:08:11+03:00" level=info msg="Server is listening 0.0.0.0:10000" func=main.Start file="app.go:63"
time="2022-12-17T20:09:35+03:00" level=info msg="create router" func=main.main file="app.go:69"
time="2022-12-17T20:09:35+03:00" level=info msg="read application configuration" func=restapi/internal/config.GetConfig.func1 file="config.go:28"
time="2022-12-17T20:09:35+03:00" level=info msg="Register user handler" func=main.main file="app.go:74"
time="2022-12-17T20:09:35+03:00" level=info msg="Start application" func=main.Start file="app.go:28"
time="2022-12-17T20:09:35+03:00" level=info msg="Listen tcp" func=main.Start file="app.go:50"
time="2022-12-17T20:09:35+03:00" level=info msg="Server is listening 0.0.0.0:10000" func=main.Start file="app.go:63"
time="2022-12-17T20:11:59+03:00" level=info msg="create router" func=main.main file="app.go:69"
time="2022-12-17T20:11:59+03:00" level=info msg="read application configuration" func=restapi/internal/config.GetConfig.func1 file="config.go:28"
time="2022-12-17T20:11:59+03:00" level=info msg="Register user handler" func=main.main file="app.go:74"
time="2022-12-17T20:11:59+03:00" level=info msg="Start application" func=main.Start file="app.go:28"
time="2022-12-17T20:11:59+03:00" level=info msg="Listen tcp" func=main.Start file="app.go:50"
time="2022-12-17T20:11:59+03:00" level=info msg="Server is listening 127.0.0.1:10000" func=main.Start file="app.go:63"
time="2022-12-17T20:12:30+03:00" level=info msg="create router" func=main.main file="app.go:69"
time="2022-12-17T20:12:30+03:00" level=info msg="read application configuration" func=restapi/internal/config.GetConfig.func1 file="config.go:28"
time="2022-12-17T20:12:30+03:00" level=info msg="Register user handler" func=main.main file="app.go:74"
time="2022-12-17T20:12:30+03:00" level=info msg="Start application" func=main.Start file="app.go:28"
time="2022-12-17T20:12:30+03:00" level=debug msg="socket path: /tmp/go-build1736788249/b001/exe/app.sock" func=main.Start file="app.go:43"
time="2022-12-17T20:12:30+03:00" level=info msg="Listen unix socket" func=main.Start file="app.go:44"
time="2022-12-17T20:12:30+03:00" level=info msg="Server is listening 127.0.0.1:8080" func=main.Start file="app.go:63"
time="2022-12-17T20:13:48+03:00" level=info msg="create router" func=main.main file="app.go:69"
time="2022-12-17T20:13:48+03:00" level=info msg="read application configuration" func=restapi/internal/config.GetConfig.func1 file="config.go:28"
time="2022-12-17T20:13:48+03:00" level=info msg="Register user handler" func=main.main file="app.go:74"
time="2022-12-17T20:13:48+03:00" level=info msg="Start application" func=main.Start file="app.go:28"
time="2022-12-17T20:13:48+03:00" level=debug msg="socket path: /tmp/go-build1802934837/b001/exe/app.sock" func=main.Start file="app.go:43"
time="2022-12-17T20:13:48+03:00" level=info msg="Listen unix socket" func=main.Start file="app.go:44"
time="2022-12-17T20:14:42+03:00" level=info msg="create router" func=main.main file="app.go:70"
time="2022-12-17T20:14:42+03:00" level=info msg="read application configuration" func=restapi/internal/config.GetConfig.func1 file="config.go:28"
time="2022-12-17T20:14:42+03:00" level=info msg="Register user handler" func=main.main file="app.go:75"
time="2022-12-17T20:14:42+03:00" level=info msg="Start application" func=main.Start file="app.go:28"
time="2022-12-17T20:14:42+03:00" level=debug msg="socket path: /tmp/go-build3315395044/b001/exe/app.sock" func=main.Start file="app.go:43"
time="2022-12-17T20:14:42+03:00" level=info msg="Listen unix socket" func=main.Start file="app.go:44"
time="2022-12-17T20:14:42+03:00" level=info msg="Server is listening unix socket:/tmp/go-build3315395044/b001/exe/app.sock" func=main.Start file="app.go:49"
time="2022-12-17T20:26:12+03:00" level=info msg="create router" func=main.main file="app.go:71"
time="2022-12-17T20:26:12+03:00" level=info msg="read application configuration" func=restapi/internal/config.GetConfig.func1 file="config.go:28"
time="2022-12-17T20:26:12+03:00" level=info msg="Register user handler" func=main.main file="app.go:76"
time="2022-12-17T20:26:12+03:00" level=info msg="Start application" func=main.Start file="app.go:28"
time="2022-12-17T20:26:12+03:00" level=debug msg="socket path: /tmp/go-build965091950/b001/exe/app.sock" func=main.Start file="app.go:44"
time="2022-12-17T20:26:12+03:00" level=info msg="Listen unix socket" func=main.Start file="app.go:45"
time="2022-12-17T20:26:12+03:00" level=info msg="Server is listening unix socket:/tmp/go-build965091950/b001/exe/app.sock" func=main.Start file="app.go:50"
time="2022-12-17T20:27:09+03:00" level=info msg="create router" func=main.main file="app.go:71"
time="2022-12-17T20:27:09+03:00" level=info msg="read application configuration" func=restapi/internal/config.GetConfig.func1 file="config.go:28"
time="2022-12-17T20:27:09+03:00" level=info msg="Register user handler" func=main.main file="app.go:76"
time="2022-12-17T20:27:09+03:00" level=info msg="Start application" func=main.Start file="app.go:28"
time="2022-12-17T20:27:09+03:00" level=debug msg="socket path: /root/restapi/cmd/main/app.sock" func=main.Start file="app.go:44"
time="2022-12-17T20:27:09+03:00" level=info msg="Listen unix socket" func=main.Start file="app.go:45"
time="2022-12-17T20:27:09+03:00" level=info msg="Server is listening unix socket:/root/restapi/cmd/main/app.sock" func=main.Start file="app.go:50"
